23:44:40.898  [INFO ] Started executing step [COMPOSED: GIVEN step 3]
23:44:40.900  [INFO ] Started executing step [BASIC: GIVEN the variable <<name=today>> with value <<value={{new Date().toISOString().substr(0, 10)...>>]
23:44:41.019  [INFO ] Finished executing step [BASIC: GIVEN the variable <<name=today>> with value <<value={{new Date().toISOString().substr(0, 10)...>>]; status: [PASSED]
23:44:41.025  [INFO ] Started executing step [BASIC: THEN <<actualValue={{today}}>> is equal to <<expectedValue=2018-11-29>>]
23:44:41.149  [WARN ] Finished executing step [BASIC: THEN <<actualValue={{today}}>> is equal to <<expectedValue=2018-11-29>>]; status: [FAILED]; exception:
java.lang.AssertionError: expected [1979] to be equal to [2018-11-29], but was not
	at assertions.AssertionsSteps.assertEqualValues(AssertionsSteps.kt:12)
	at sun.reflect.NativeMethodAccessorImpl.invoke0(Native Method)
	at sun.reflect.NativeMethodAccessorImpl.invoke(NativeMethodAccessorImpl.java:62)
	at sun.reflect.DelegatingMethodAccessorImpl.invoke(DelegatingMethodAccessorImpl.java:43)
	at java.lang.reflect.Method.invoke(Method.java:498)
	at com.testerum.runner_cmdline.runner_tree.nodes.step.impl.RunnerBasicStep.doRun(RunnerBasicStep.kt:53)
	at com.testerum.runner_cmdline.runner_tree.nodes.step.RunnerStep.run(RunnerStep.kt:32)
	at com.testerum.runner_cmdline.runner_tree.nodes.step.impl.RunnerComposedStep.doRun(RunnerComposedStep.kt:40)
	at com.testerum.runner_cmdline.runner_tree.nodes.step.RunnerStep.run(RunnerStep.kt:32)
	at com.testerum.runner_cmdline.runner_tree.nodes.test.RunnerTest.tryToRun(RunnerTest.kt:109)
	at com.testerum.runner_cmdline.runner_tree.nodes.test.RunnerTest.run(RunnerTest.kt:62)
	at com.testerum.runner_cmdline.runner_tree.nodes.feature.RunnerFeature.tryToRun(RunnerFeature.kt:62)
	at com.testerum.runner_cmdline.runner_tree.nodes.feature.RunnerFeature.run(RunnerFeature.kt:47)
	at com.testerum.runner_cmdline.runner_tree.nodes.suite.RunnerSuite.runTests(RunnerSuite.kt:113)
	at com.testerum.runner_cmdline.runner_tree.nodes.suite.RunnerSuite.run(RunnerSuite.kt:67)
	at com.testerum.runner_cmdline.RunnerApplication$tryToExecute$executionStatus$1.invoke(RunnerApplication.kt:116)
	at com.testerum.runner_cmdline.RunnerApplication$tryToExecute$executionStatus$1.invoke(RunnerApplication.kt:41)
	at com.testerum.common_kotlin.Classloader_utilsKt.runWithThreadContextClassLoader(classloader_utils.kt:8)
	at com.testerum.runner_cmdline.RunnerApplication.tryToExecute(RunnerApplication.kt:115)
	at com.testerum.runner_cmdline.RunnerApplication.execute(RunnerApplication.kt:60)
	at com.testerum.runner_cmdline.TesterumRunner.main(TesterumRunner.kt:44)

23:44:41.174  [INFO ] Started executing step [BASIC: GIVEN the variable <<name=tenDaysFromToday>> with value <<value={{(function(){var futureDate = new Date(...>>]
23:44:41.175  [INFO ] Finished executing step [BASIC: GIVEN the variable <<name=tenDaysFromToday>> with value <<value={{(function(){var futureDate = new Date(...>>]; status: [SKIPPED]
23:44:41.178  [INFO ] Started executing step [BASIC: THEN <<actualValue={{tenDaysFromToday}}>> is equal to <<expectedValue=2018-12-09>>]
23:44:41.179  [INFO ] Finished executing step [BASIC: THEN <<actualValue={{tenDaysFromToday}}>> is equal to <<expectedValue=2018-12-09>>]; status: [SKIPPED]
23:44:41.180  [INFO ] Finished executing step [COMPOSED: GIVEN step 3]; status: [FAILED]
